/Users/tunguyen/Desktop/DELETEME/mill-scheduler-repro/tools/mill-1.1.5-274-8a195b compileLab
build.mill-68] compile compiling 1 Scala source to out/mill-build/compile.dest/classes ...
build.mill-68] done compiling
583] common.compile compiling 40 Scala sources to out/common/compile.dest/classes ...
583] done compiling
605] side3.compile compiling 120 Scala sources to out/side3/compile.dest/classes ...
602] side6.compile compiling 120 Scala sources to out/side6/compile.dest/classes ...
604] side4.compile compiling 120 Scala sources to out/side4/compile.dest/classes ...
603] side7.compile compiling 120 Scala sources to out/side7/compile.dest/classes ...
604] done compiling
603] done compiling
602] done compiling
605] done compiling
606] side2.compile compiling 120 Scala sources to out/side2/compile.dest/classes ...
607] side1.compile compiling 120 Scala sources to out/side1/compile.dest/classes ...
608] side5.compile compiling 120 Scala sources to out/side5/compile.dest/classes ...
609] chain0.compile compiling 60 Scala sources to out/chain0/compile.dest/classes ...
609] done compiling
610] side0.compile compiling 120 Scala sources to out/side0/compile.dest/classes ...
606] done compiling
608] done compiling
607] done compiling
613] chain1.compile compiling 60 Scala sources to out/chain1/compile.dest/classes ...
610] done compiling
613] done compiling
616] chain2.compile compiling 60 Scala sources to out/chain2/compile.dest/classes ...
616] done compiling
619] chain3.compile compiling 60 Scala sources to out/chain3/compile.dest/classes ...
619] done compiling
620] compileLab COMPILE_LAB_DONE 13
620/620, SUCCESS] /Users/tunguyen/Desktop/DELETEME/mill...ols/mill-1.1.5-274-8a195b compileLab 13s
real 13.81
user 0.18
sys 0.24
